Error parsing '/home/bobxu/ros_sycl_ws/src/my_bot/package.xml':
Traceback (most recent call last):
  File "/home/bobxu/ros2_humble/install/ament_cmake_core/share/ament_cmake_core/cmake/core/package_xml_2_cmake.py", line 150, in <module>
    main()
  File "/home/bobxu/ros2_humble/install/ament_cmake_core/share/ament_cmake_core/cmake/core/package_xml_2_cmake.py", line 53, in main
    raise e
  File "/home/bobxu/ros2_humble/install/ament_cmake_core/share/ament_cmake_core/cmake/core/package_xml_2_cmake.py", line 49, in main
    package = parse_package_string(
  File "/usr/lib/python3/dist-packages/catkin_pkg/package.py", line 786, in parse_package_string
    raise InvalidPackage('Error(s):%s' % (''.join(['\n- %s' % e for e in errors])), filename)
catkin_pkg.package.InvalidPackage: Error(s) in package '/home/bobxu/ros_sycl_ws/src/my_bot/package.xml':
Error(s):
- The generic dependency on 'std_msgs' is redundant with: exec_depend
[31mCMake Error at /home/bobxu/ros2_humble/install/ament_cmake_core/share/ament_cmake_core/cmake/core/ament_package_xml.cmake:95 (message):
  execute_process(/usr/bin/python3.10
  /home/bobxu/ros2_humble/install/ament_cmake_core/share/ament_cmake_core/cmake/core/package_xml_2_cmake.py
  /home/bobxu/ros_sycl_ws/src/my_bot/package.xml
  /home/bobxu/ros_sycl_ws/build/my_bot/ament_cmake_core/package.cmake)
  returned error code 1
Call Stack (most recent call first):
  /home/bobxu/ros2_humble/install/ament_cmake_core/share/ament_cmake_core/cmake/core/ament_package_xml.cmake:49 (_ament_package_xml)
  /home/bobxu/ros2_humble/install/ament_lint_auto/share/ament_lint_auto/cmake/ament_lint_auto_find_test_dependencies.cmake:31 (ament_package_xml)
  CMakeLists.txt:55 (ament_lint_auto_find_test_dependencies)

[0m
gmake: *** [Makefile:267: cmake_check_build_system] Error 1
