<?xml version="1.0" encoding="UTF-8"?>
<Site BuildName="(empty)"
	BuildStamp="20230626-2141-Experimental"
	Name="bobxu-virtual-machine"
	Generator="ctest-3.22.1"
	CompilerName="/opt/intel/oneapi/compiler/2023.1.0/linux/bin/icpx"
	CompilerVersion="2023.1.0"
	OSName="Linux"
	Hostname="bobxu-virtual-machine"
	OSRelease="5.19.0-45-generic"
	OSVersion="#46~22.04.1-Ubuntu SMP PREEMPT_DYNAMIC Wed Jun 7 15:06:04 UTC 20"
	OSPlatform="x86_64"
	Is64Bits="1"
	VendorString="GenuineIntel"
	VendorID="Intel Corporation"
	FamilyID="6"
	ModelID="141"
	ProcessorCacheSize="24576"
	NumberOfLogicalCPU="2"
	NumberOfPhysicalCPU="2"
	TotalVirtualMemory="2047"
	TotalPhysicalMemory="15989"
	LogicalProcessorsPerPhysical="1"
	ProcessorClockFrequency="2304"
	>
	<Testing>
		<StartDateTime>Jun 26 22:41 BST</StartDateTime>
		<StartTestTime>1687815664</StartTestTime>
		<TestList/>
		<EndDateTime>Jun 26 22:41 BST</EndDateTime>
		<EndTestTime>1687815664</EndTestTime>
		<ElapsedMinutes>0</ElapsedMinutes>
	</Testing>
</Site>
